Query called
CBPC Physics SKSE Plugin: 1.5.5
Console interface Loaded
Register Succeeded
Attempting Game Hook with old
CBPC Load Complete
Building Event Sinks...
Loading Configs
System Config file is loaded successfully.
Loaded System config
Master Config file is loaded successfully.
Extra Master Config file CBPCMasterConfig_3BA.txt is loaded successfully.
Extra Master Config file CBPCMasterConfig_Vagina.txt is loaded successfully.
Loaded MasterConfig
Loaded Bounce configs
Collision Config file is loaded successfully.
Loaded Collision config
Specific collision config files(if any) are loaded successfully.
Loaded Extra Collision configs
Player Collision Event Config file is loaded successfully.
Loaded Player Collision Event config
Building Event Sinks...
