[2023-01-01 01:14:20.724] [Global] [info] [19892] [Main.cpp:95] OSA 0.3.0.0 is loading...
[2023-01-01 01:14:20.724] [Global] [info] [19892] [JsonFileLoader.h:17] parsing file Data/SKSE/Plugins/OStim/actions\analfingering.json
[2023-01-01 01:14:20.725] [Global] [info] [19892] [JsonFileLoader.h:26] parsed file Data/SKSE/Plugins/OStim/actions\analfingering.json
[2023-01-01 01:14:20.725] [Global] [info] [19892] [JsonFileLoader.h:17] parsing file Data/SKSE/Plugins/OStim/actions\analfisting.json
[2023-01-01 01:14:20.725] [Global] [info] [19892] [JsonFileLoader.h:26] parsed file Data/SKSE/Plugins/OStim/actions\analfisting.json
[2023-01-01 01:14:20.725] [Global] [info] [19892] [JsonFileLoader.h:17] parsing file Data/SKSE/Plugins/OStim/actions\analsex.json
[2023-01-01 01:14:20.726] [Global] [info] [19892] [JsonFileLoader.h:26] parsed file Data/SKSE/Plugins/OStim/actions\analsex.json
[2023-01-01 01:14:20.726] [Global] [info] [19892] [JsonFileLoader.h:17] parsing file Data/SKSE/Plugins/OStim/actions\blowjob.json
[2023-01-01 01:14:20.726] [Global] [info] [19892] [JsonFileLoader.h:26] parsed file Data/SKSE/Plugins/OStim/actions\blowjob.json
[2023-01-01 01:14:20.726] [Global] [info] [19892] [JsonFileLoader.h:17] parsing file Data/SKSE/Plugins/OStim/actions\boobjob.json
[2023-01-01 01:14:20.726] [Global] [info] [19892] [JsonFileLoader.h:26] parsed file Data/SKSE/Plugins/OStim/actions\boobjob.json
[2023-01-01 01:14:20.726] [Global] [info] [19892] [JsonFileLoader.h:17] parsing file Data/SKSE/Plugins/OStim/actions\buttjob.json
[2023-01-01 01:14:20.727] [Global] [info] [19892] [JsonFileLoader.h:26] parsed file Data/SKSE/Plugins/OStim/actions\buttjob.json
[2023-01-01 01:14:20.727] [Global] [info] [19892] [JsonFileLoader.h:17] parsing file Data/SKSE/Plugins/OStim/actions\cunnilingus.json
[2023-01-01 01:14:20.727] [Global] [info] [19892] [JsonFileLoader.h:26] parsed file Data/SKSE/Plugins/OStim/actions\cunnilingus.json
[2023-01-01 01:14:20.727] [Global] [info] [19892] [JsonFileLoader.h:17] parsing file Data/SKSE/Plugins/OStim/actions\default.json
[2023-01-01 01:14:20.727] [Global] [info] [19892] [JsonFileLoader.h:26] parsed file Data/SKSE/Plugins/OStim/actions\default.json
[2023-01-01 01:14:20.727] [Global] [info] [19892] [JsonFileLoader.h:17] parsing file Data/SKSE/Plugins/OStim/actions\femalemasturbation.json
[2023-01-01 01:14:20.727] [Global] [info] [19892] [JsonFileLoader.h:26] parsed file Data/SKSE/Plugins/OStim/actions\femalemasturbation.json
[2023-01-01 01:14:20.727] [Global] [info] [19892] [JsonFileLoader.h:17] parsing file Data/SKSE/Plugins/OStim/actions\footjob.json
[2023-01-01 01:14:20.728] [Global] [info] [19892] [JsonFileLoader.h:26] parsed file Data/SKSE/Plugins/OStim/actions\footjob.json
[2023-01-01 01:14:20.728] [Global] [info] [19892] [JsonFileLoader.h:17] parsing file Data/SKSE/Plugins/OStim/actions\grindingobject.json
[2023-01-01 01:14:20.728] [Global] [info] [19892] [JsonFileLoader.h:26] parsed file Data/SKSE/Plugins/OStim/actions\grindingobject.json
[2023-01-01 01:14:20.728] [Global] [info] [19892] [JsonFileLoader.h:17] parsing file Data/SKSE/Plugins/OStim/actions\grindingthigh.json
[2023-01-01 01:14:20.728] [Global] [info] [19892] [JsonFileLoader.h:26] parsed file Data/SKSE/Plugins/OStim/actions\grindingthigh.json
[2023-01-01 01:14:20.728] [Global] [info] [19892] [JsonFileLoader.h:17] parsing file Data/SKSE/Plugins/OStim/actions\gropingbreast.json
[2023-01-01 01:14:20.728] [Global] [info] [19892] [JsonFileLoader.h:26] parsed file Data/SKSE/Plugins/OStim/actions\gropingbreast.json
[2023-01-01 01:14:20.728] [Global] [info] [19892] [JsonFileLoader.h:17] parsing file Data/SKSE/Plugins/OStim/actions\gropingbutt.json
[2023-01-01 01:14:20.728] [Global] [info] [19892] [JsonFileLoader.h:26] parsed file Data/SKSE/Plugins/OStim/actions\gropingbutt.json
[2023-01-01 01:14:20.729] [Global] [info] [19892] [JsonFileLoader.h:17] parsing file Data/SKSE/Plugins/OStim/actions\handjob.json
[2023-01-01 01:14:20.729] [Global] [info] [19892] [JsonFileLoader.h:26] parsed file Data/SKSE/Plugins/OStim/actions\handjob.json
[2023-01-01 01:14:20.729] [Global] [info] [19892] [JsonFileLoader.h:17] parsing file Data/SKSE/Plugins/OStim/actions\holdinghead.json
[2023-01-01 01:14:20.729] [Global] [info] [19892] [JsonFileLoader.h:26] parsed file Data/SKSE/Plugins/OStim/actions\holdinghead.json
[2023-01-01 01:14:20.729] [Global] [info] [19892] [JsonFileLoader.h:17] parsing file Data/SKSE/Plugins/OStim/actions\kissing.json
[2023-01-01 01:14:20.729] [Global] [info] [19892] [JsonFileLoader.h:26] parsed file Data/SKSE/Plugins/OStim/actions\kissing.json
[2023-01-01 01:14:20.729] [Global] [info] [19892] [JsonFileLoader.h:17] parsing file Data/SKSE/Plugins/OStim/actions\kissingfeet.json
[2023-01-01 01:14:20.729] [Global] [info] [19892] [JsonFileLoader.h:26] parsed file Data/SKSE/Plugins/OStim/actions\kissingfeet.json
[2023-01-01 01:14:20.729] [Global] [info] [19892] [JsonFileLoader.h:17] parsing file Data/SKSE/Plugins/OStim/actions\kissingneck.json
[2023-01-01 01:14:20.730] [Global] [info] [19892] [JsonFileLoader.h:26] parsed file Data/SKSE/Plugins/OStim/actions\kissingneck.json
[2023-01-01 01:14:20.730] [Global] [info] [19892] [JsonFileLoader.h:17] parsing file Data/SKSE/Plugins/OStim/actions\lickingnipples.json
[2023-01-01 01:14:20.730] [Global] [info] [19892] [JsonFileLoader.h:26] parsed file Data/SKSE/Plugins/OStim/actions\lickingnipples.json
[2023-01-01 01:14:20.730] [Global] [info] [19892] [JsonFileLoader.h:17] parsing file Data/SKSE/Plugins/OStim/actions\lickingpenis.json
[2023-01-01 01:14:20.730] [Global] [info] [19892] [JsonFileLoader.h:26] parsed file Data/SKSE/Plugins/OStim/actions\lickingpenis.json
[2023-01-01 01:14:20.730] [Global] [info] [19892] [JsonFileLoader.h:17] parsing file Data/SKSE/Plugins/OStim/actions\lickingtesticles.json
[2023-01-01 01:14:20.730] [Global] [info] [19892] [JsonFileLoader.h:26] parsed file Data/SKSE/Plugins/OStim/actions\lickingtesticles.json
[2023-01-01 01:14:20.730] [Global] [info] [19892] [JsonFileLoader.h:17] parsing file Data/SKSE/Plugins/OStim/actions\malemasturbation.json
[2023-01-01 01:14:20.730] [Global] [info] [19892] [JsonFileLoader.h:26] parsed file Data/SKSE/Plugins/OStim/actions\malemasturbation.json
[2023-01-01 01:14:20.730] [Global] [info] [19892] [JsonFileLoader.h:17] parsing file Data/SKSE/Plugins/OStim/actions\pattinghead.json
[2023-01-01 01:14:20.731] [Global] [info] [19892] [JsonFileLoader.h:26] parsed file Data/SKSE/Plugins/OStim/actions\pattinghead.json
[2023-01-01 01:14:20.731] [Global] [info] [19892] [JsonFileLoader.h:17] parsing file Data/SKSE/Plugins/OStim/actions\pullinghair.json
[2023-01-01 01:14:20.731] [Global] [info] [19892] [JsonFileLoader.h:26] parsed file Data/SKSE/Plugins/OStim/actions\pullinghair.json
[2023-01-01 01:14:20.731] [Global] [info] [19892] [JsonFileLoader.h:17] parsing file Data/SKSE/Plugins/OStim/actions\rimjob.json
[2023-01-01 01:14:20.731] [Global] [info] [19892] [JsonFileLoader.h:26] parsed file Data/SKSE/Plugins/OStim/actions\rimjob.json
[2023-01-01 01:14:20.731] [Global] [info] [19892] [JsonFileLoader.h:17] parsing file Data/SKSE/Plugins/OStim/actions\rubbingclitoris.json
[2023-01-01 01:14:20.731] [Global] [info] [19892] [JsonFileLoader.h:26] parsed file Data/SKSE/Plugins/OStim/actions\rubbingclitoris.json
[2023-01-01 01:14:20.731] [Global] [info] [19892] [JsonFileLoader.h:17] parsing file Data/SKSE/Plugins/OStim/actions\rubbingpenisagainstface.json
[2023-01-01 01:14:20.731] [Global] [info] [19892] [JsonFileLoader.h:26] parsed file Data/SKSE/Plugins/OStim/actions\rubbingpenisagainstface.json
[2023-01-01 01:14:20.732] [Global] [info] [19892] [JsonFileLoader.h:17] parsing file Data/SKSE/Plugins/OStim/actions\strokinghead.json
[2023-01-01 01:14:20.732] [Global] [info] [19892] [JsonFileLoader.h:26] parsed file Data/SKSE/Plugins/OStim/actions\strokinghead.json
[2023-01-01 01:14:20.732] [Global] [info] [19892] [JsonFileLoader.h:17] parsing file Data/SKSE/Plugins/OStim/actions\suckingnipples.json
[2023-01-01 01:14:20.732] [Global] [info] [19892] [JsonFileLoader.h:26] parsed file Data/SKSE/Plugins/OStim/actions\suckingnipples.json
[2023-01-01 01:14:20.732] [Global] [info] [19892] [JsonFileLoader.h:17] parsing file Data/SKSE/Plugins/OStim/actions\thighjob.json
[2023-01-01 01:14:20.732] [Global] [info] [19892] [JsonFileLoader.h:26] parsed file Data/SKSE/Plugins/OStim/actions\thighjob.json
[2023-01-01 01:14:20.732] [Global] [info] [19892] [JsonFileLoader.h:17] parsing file Data/SKSE/Plugins/OStim/actions\tribbing.json
[2023-01-01 01:14:20.732] [Global] [info] [19892] [JsonFileLoader.h:26] parsed file Data/SKSE/Plugins/OStim/actions\tribbing.json
[2023-01-01 01:14:20.732] [Global] [info] [19892] [JsonFileLoader.h:17] parsing file Data/SKSE/Plugins/OStim/actions\vaginalfingering.json
[2023-01-01 01:14:20.732] [Global] [info] [19892] [JsonFileLoader.h:26] parsed file Data/SKSE/Plugins/OStim/actions\vaginalfingering.json
[2023-01-01 01:14:20.732] [Global] [info] [19892] [JsonFileLoader.h:17] parsing file Data/SKSE/Plugins/OStim/actions\vaginalfisting.json
[2023-01-01 01:14:20.733] [Global] [info] [19892] [JsonFileLoader.h:26] parsed file Data/SKSE/Plugins/OStim/actions\vaginalfisting.json
[2023-01-01 01:14:20.733] [Global] [info] [19892] [JsonFileLoader.h:17] parsing file Data/SKSE/Plugins/OStim/actions\vaginalsex.json
[2023-01-01 01:14:20.733] [Global] [info] [19892] [JsonFileLoader.h:26] parsed file Data/SKSE/Plugins/OStim/actions\vaginalsex.json
[2023-01-01 01:14:20.733] [Global] [info] [19892] [JsonFileLoader.h:17] parsing file Data/SKSE/Plugins/OStim/actions\vampirebite.json
[2023-01-01 01:14:20.733] [Global] [info] [19892] [JsonFileLoader.h:26] parsed file Data/SKSE/Plugins/OStim/actions\vampirebite.json
[2023-01-01 01:14:20.779] [Global] [warning] [19892] [LookupTable.cpp:187] No action found for kiss using default
[2023-01-01 01:14:20.847] [Global] [warning] [19892] [LookupTable.cpp:187] No action found for spanking using default
[2023-01-01 01:14:20.985] [Global] [warning] [19892] [LookupTable.cpp:187] No action found for masturbation using default
[2023-01-01 01:14:20.997] [Global] [info] [19892] [PapyrusDatabase.h:330] Build time: 0.2637103s
[2023-01-01 01:14:20.998] [Global] [info] [19892] [JsonFileLoader.h:17] parsing file Data/SKSE/Plugins/OStim/facial expressions\climax1.json
[2023-01-01 01:14:20.999] [Global] [info] [19892] [JsonFileLoader.h:26] parsed file Data/SKSE/Plugins/OStim/facial expressions\climax1.json
[2023-01-01 01:14:20.999] [Global] [info] [19892] [JsonFileLoader.h:17] parsing file Data/SKSE/Plugins/OStim/facial expressions\climax2.json
[2023-01-01 01:14:20.999] [Global] [info] [19892] [JsonFileLoader.h:26] parsed file Data/SKSE/Plugins/OStim/facial expressions\climax2.json
[2023-01-01 01:14:20.999] [Global] [info] [19892] [JsonFileLoader.h:17] parsing file Data/SKSE/Plugins/OStim/facial expressions\climax3.json
[2023-01-01 01:14:20.999] [Global] [info] [19892] [JsonFileLoader.h:26] parsed file Data/SKSE/Plugins/OStim/facial expressions\climax3.json
[2023-01-01 01:14:20.999] [Global] [info] [19892] [JsonFileLoader.h:17] parsing file Data/SKSE/Plugins/OStim/facial expressions\climax4.json
[2023-01-01 01:14:21.000] [Global] [info] [19892] [JsonFileLoader.h:26] parsed file Data/SKSE/Plugins/OStim/facial expressions\climax4.json
[2023-01-01 01:14:21.000] [Global] [info] [19892] [JsonFileLoader.h:17] parsing file Data/SKSE/Plugins/OStim/facial expressions\default1.json
[2023-01-01 01:14:21.000] [Global] [info] [19892] [JsonFileLoader.h:26] parsed file Data/SKSE/Plugins/OStim/facial expressions\default1.json
[2023-01-01 01:14:21.000] [Global] [info] [19892] [JsonFileLoader.h:17] parsing file Data/SKSE/Plugins/OStim/facial expressions\default2.json
[2023-01-01 01:14:21.001] [Global] [info] [19892] [JsonFileLoader.h:26] parsed file Data/SKSE/Plugins/OStim/facial expressions\default2.json
[2023-01-01 01:14:21.001] [Global] [info] [19892] [JsonFileLoader.h:17] parsing file Data/SKSE/Plugins/OStim/facial expressions\default3.json
[2023-01-01 01:14:21.001] [Global] [info] [19892] [JsonFileLoader.h:26] parsed file Data/SKSE/Plugins/OStim/facial expressions\default3.json
[2023-01-01 01:14:21.001] [Global] [info] [19892] [JsonFileLoader.h:17] parsing file Data/SKSE/Plugins/OStim/facial expressions\default4.json
[2023-01-01 01:14:21.002] [Global] [info] [19892] [JsonFileLoader.h:26] parsed file Data/SKSE/Plugins/OStim/facial expressions\default4.json
[2023-01-01 01:14:21.002] [Global] [info] [19892] [JsonFileLoader.h:17] parsing file Data/SKSE/Plugins/OStim/facial expressions\excited1.json
[2023-01-01 01:14:21.003] [Global] [info] [19892] [JsonFileLoader.h:26] parsed file Data/SKSE/Plugins/OStim/facial expressions\excited1.json
[2023-01-01 01:14:21.003] [Global] [info] [19892] [JsonFileLoader.h:17] parsing file Data/SKSE/Plugins/OStim/facial expressions\excited2.json
[2023-01-01 01:14:21.003] [Global] [info] [19892] [JsonFileLoader.h:26] parsed file Data/SKSE/Plugins/OStim/facial expressions\excited2.json
[2023-01-01 01:14:21.003] [Global] [info] [19892] [JsonFileLoader.h:17] parsing file Data/SKSE/Plugins/OStim/facial expressions\excited3.json
[2023-01-01 01:14:21.003] [Global] [info] [19892] [JsonFileLoader.h:26] parsed file Data/SKSE/Plugins/OStim/facial expressions\excited3.json
[2023-01-01 01:14:21.003] [Global] [info] [19892] [JsonFileLoader.h:17] parsing file Data/SKSE/Plugins/OStim/facial expressions\excited4.json
[2023-01-01 01:14:21.004] [Global] [info] [19892] [JsonFileLoader.h:26] parsed file Data/SKSE/Plugins/OStim/facial expressions\excited4.json
[2023-01-01 01:14:21.004] [Global] [info] [19892] [JsonFileLoader.h:17] parsing file Data/SKSE/Plugins/OStim/facial expressions\kissing1.json
[2023-01-01 01:14:21.005] [Global] [info] [19892] [JsonFileLoader.h:26] parsed file Data/SKSE/Plugins/OStim/facial expressions\kissing1.json
[2023-01-01 01:14:21.005] [Global] [info] [19892] [JsonFileLoader.h:17] parsing file Data/SKSE/Plugins/OStim/facial expressions\kissing2.json
[2023-01-01 01:14:21.005] [Global] [info] [19892] [JsonFileLoader.h:26] parsed file Data/SKSE/Plugins/OStim/facial expressions\kissing2.json
[2023-01-01 01:14:21.005] [Global] [info] [19892] [JsonFileLoader.h:17] parsing file Data/SKSE/Plugins/OStim/facial expressions\kissing3.json
[2023-01-01 01:14:21.006] [Global] [info] [19892] [JsonFileLoader.h:26] parsed file Data/SKSE/Plugins/OStim/facial expressions\kissing3.json
[2023-01-01 01:14:21.006] [Global] [info] [19892] [JsonFileLoader.h:17] parsing file Data/SKSE/Plugins/OStim/facial expressions\kissing4.json
[2023-01-01 01:14:21.006] [Global] [info] [19892] [JsonFileLoader.h:26] parsed file Data/SKSE/Plugins/OStim/facial expressions\kissing4.json
[2023-01-01 01:14:21.006] [Global] [info] [19892] [JsonFileLoader.h:17] parsing file Data/SKSE/Plugins/OStim/facial expressions\licking1.json
[2023-01-01 01:14:21.007] [Global] [info] [19892] [JsonFileLoader.h:26] parsed file Data/SKSE/Plugins/OStim/facial expressions\licking1.json
[2023-01-01 01:14:21.007] [Global] [info] [19892] [JsonFileLoader.h:17] parsing file Data/SKSE/Plugins/OStim/facial expressions\licking2.json
[2023-01-01 01:14:21.007] [Global] [info] [19892] [JsonFileLoader.h:26] parsed file Data/SKSE/Plugins/OStim/facial expressions\licking2.json
[2023-01-01 01:14:21.007] [Global] [info] [19892] [JsonFileLoader.h:17] parsing file Data/SKSE/Plugins/OStim/facial expressions\licking3.json
[2023-01-01 01:14:21.008] [Global] [info] [19892] [JsonFileLoader.h:26] parsed file Data/SKSE/Plugins/OStim/facial expressions\licking3.json
[2023-01-01 01:14:21.008] [Global] [info] [19892] [JsonFileLoader.h:17] parsing file Data/SKSE/Plugins/OStim/facial expressions\moan1.json
[2023-01-01 01:14:21.008] [Global] [info] [19892] [JsonFileLoader.h:26] parsed file Data/SKSE/Plugins/OStim/facial expressions\moan1.json
[2023-01-01 01:14:21.008] [Global] [info] [19892] [JsonFileLoader.h:17] parsing file Data/SKSE/Plugins/OStim/facial expressions\moan2.json
[2023-01-01 01:14:21.009] [Global] [info] [19892] [JsonFileLoader.h:26] parsed file Data/SKSE/Plugins/OStim/facial expressions\moan2.json
[2023-01-01 01:14:21.009] [Global] [info] [19892] [JsonFileLoader.h:17] parsing file Data/SKSE/Plugins/OStim/facial expressions\NVbigODiag.json
[2023-01-01 01:14:21.009] [Global] [info] [19892] [JsonFileLoader.h:26] parsed file Data/SKSE/Plugins/OStim/facial expressions\NVbigODiag.json
[2023-01-01 01:14:21.009] [Global] [info] [19892] [JsonFileLoader.h:17] parsing file Data/SKSE/Plugins/OStim/facial expressions\NVbigODiag1.json
[2023-01-01 01:14:21.010] [Global] [info] [19892] [JsonFileLoader.h:26] parsed file Data/SKSE/Plugins/OStim/facial expressions\NVbigODiag1.json
[2023-01-01 01:14:21.010] [Global] [info] [19892] [JsonFileLoader.h:17] parsing file Data/SKSE/Plugins/OStim/facial expressions\NVbigONoDiag.json
[2023-01-01 01:14:21.010] [Global] [info] [19892] [JsonFileLoader.h:26] parsed file Data/SKSE/Plugins/OStim/facial expressions\NVbigONoDiag.json
[2023-01-01 01:14:21.010] [Global] [info] [19892] [JsonFileLoader.h:17] parsing file Data/SKSE/Plugins/OStim/facial expressions\NVBJNoDiag.json
[2023-01-01 01:14:21.011] [Global] [info] [19892] [JsonFileLoader.h:26] parsed file Data/SKSE/Plugins/OStim/facial expressions\NVBJNoDiag.json
[2023-01-01 01:14:21.011] [Global] [info] [19892] [JsonFileLoader.h:17] parsing file Data/SKSE/Plugins/OStim/facial expressions\NVCSEDiag.json
[2023-01-01 01:14:21.012] [Global] [info] [19892] [JsonFileLoader.h:26] parsed file Data/SKSE/Plugins/OStim/facial expressions\NVCSEDiag.json
[2023-01-01 01:14:21.012] [Global] [info] [19892] [JsonFileLoader.h:17] parsing file Data/SKSE/Plugins/OStim/facial expressions\NVCSEDiag1.json
[2023-01-01 01:14:21.012] [Global] [info] [19892] [JsonFileLoader.h:26] parsed file Data/SKSE/Plugins/OStim/facial expressions\NVCSEDiag1.json
[2023-01-01 01:14:21.012] [Global] [info] [19892] [JsonFileLoader.h:17] parsing file Data/SKSE/Plugins/OStim/facial expressions\NVCSENoDiag.json
[2023-01-01 01:14:21.013] [Global] [info] [19892] [JsonFileLoader.h:26] parsed file Data/SKSE/Plugins/OStim/facial expressions\NVCSENoDiag.json
[2023-01-01 01:14:21.013] [Global] [info] [19892] [JsonFileLoader.h:17] parsing file Data/SKSE/Plugins/OStim/facial expressions\NVCSENoDiag1.json
[2023-01-01 01:14:21.013] [Global] [info] [19892] [JsonFileLoader.h:26] parsed file Data/SKSE/Plugins/OStim/facial expressions\NVCSENoDiag1.json
[2023-01-01 01:14:21.014] [Global] [info] [19892] [JsonFileLoader.h:17] parsing file Data/SKSE/Plugins/OStim/facial expressions\NVCSIDiag.json
[2023-01-01 01:14:21.014] [Global] [info] [19892] [JsonFileLoader.h:26] parsed file Data/SKSE/Plugins/OStim/facial expressions\NVCSIDiag.json
[2023-01-01 01:14:21.014] [Global] [info] [19892] [JsonFileLoader.h:17] parsing file Data/SKSE/Plugins/OStim/facial expressions\NVCSIDiag1.json
[2023-01-01 01:14:21.014] [Global] [info] [19892] [JsonFileLoader.h:26] parsed file Data/SKSE/Plugins/OStim/facial expressions\NVCSIDiag1.json
[2023-01-01 01:14:21.014] [Global] [info] [19892] [JsonFileLoader.h:17] parsing file Data/SKSE/Plugins/OStim/facial expressions\NVCSINoDiag.json
[2023-01-01 01:14:21.015] [Global] [info] [19892] [JsonFileLoader.h:26] parsed file Data/SKSE/Plugins/OStim/facial expressions\NVCSINoDiag.json
[2023-01-01 01:14:21.015] [Global] [info] [19892] [JsonFileLoader.h:17] parsing file Data/SKSE/Plugins/OStim/facial expressions\NVCSINoDiag1.json
[2023-01-01 01:14:21.015] [Global] [info] [19892] [JsonFileLoader.h:26] parsed file Data/SKSE/Plugins/OStim/facial expressions\NVCSINoDiag1.json
[2023-01-01 01:14:21.015] [Global] [info] [19892] [JsonFileLoader.h:17] parsing file Data/SKSE/Plugins/OStim/facial expressions\NVCSONoDiag.json
[2023-01-01 01:14:21.015] [Global] [info] [19892] [JsonFileLoader.h:26] parsed file Data/SKSE/Plugins/OStim/facial expressions\NVCSONoDiag.json
[2023-01-01 01:14:21.015] [Global] [info] [19892] [JsonFileLoader.h:17] parsing file Data/SKSE/Plugins/OStim/facial expressions\NVCSONoDiag1.json
[2023-01-01 01:14:21.016] [Global] [info] [19892] [JsonFileLoader.h:26] parsed file Data/SKSE/Plugins/OStim/facial expressions\NVCSONoDiag1.json
[2023-01-01 01:14:21.016] [Global] [info] [19892] [JsonFileLoader.h:17] parsing file Data/SKSE/Plugins/OStim/facial expressions\NVFillNoDiag.json
[2023-01-01 01:14:21.016] [Global] [info] [19892] [JsonFileLoader.h:26] parsed file Data/SKSE/Plugins/OStim/facial expressions\NVFillNoDiag.json
[2023-01-01 01:14:21.016] [Global] [info] [19892] [JsonFileLoader.h:17] parsing file Data/SKSE/Plugins/OStim/facial expressions\NVKissNoDiag.json
[2023-01-01 01:14:21.016] [Global] [info] [19892] [JsonFileLoader.h:26] parsed file Data/SKSE/Plugins/OStim/facial expressions\NVKissNoDiag.json
[2023-01-01 01:14:21.016] [Global] [info] [19892] [JsonFileLoader.h:17] parsing file Data/SKSE/Plugins/OStim/facial expressions\NVKissODiag.json
[2023-01-01 01:14:21.017] [Global] [info] [19892] [JsonFileLoader.h:26] parsed file Data/SKSE/Plugins/OStim/facial expressions\NVKissODiag.json
[2023-01-01 01:14:21.017] [Global] [info] [19892] [JsonFileLoader.h:17] parsing file Data/SKSE/Plugins/OStim/facial expressions\NVLickNoDiag.json
[2023-01-01 01:14:21.017] [Global] [info] [19892] [JsonFileLoader.h:26] parsed file Data/SKSE/Plugins/OStim/facial expressions\NVLickNoDiag.json
[2023-01-01 01:14:21.017] [Global] [info] [19892] [JsonFileLoader.h:17] parsing file Data/SKSE/Plugins/OStim/facial expressions\NVMC.json
[2023-01-01 01:14:21.017] [Global] [info] [19892] [JsonFileLoader.h:26] parsed file Data/SKSE/Plugins/OStim/facial expressions\NVMC.json
[2023-01-01 01:14:21.017] [Global] [info] [19892] [JsonFileLoader.h:17] parsing file Data/SKSE/Plugins/OStim/facial expressions\NVPenDiag.json
[2023-01-01 01:14:21.018] [Global] [info] [19892] [JsonFileLoader.h:26] parsed file Data/SKSE/Plugins/OStim/facial expressions\NVPenDiag.json
[2023-01-01 01:14:21.018] [Global] [info] [19892] [JsonFileLoader.h:17] parsing file Data/SKSE/Plugins/OStim/facial expressions\NVPenDiag1.json
[2023-01-01 01:14:21.018] [Global] [info] [19892] [JsonFileLoader.h:26] parsed file Data/SKSE/Plugins/OStim/facial expressions\NVPenDiag1.json
[2023-01-01 01:14:21.018] [Global] [info] [19892] [JsonFileLoader.h:17] parsing file Data/SKSE/Plugins/OStim/facial expressions\NVPenDiag2.json
[2023-01-01 01:14:21.018] [Global] [info] [19892] [JsonFileLoader.h:26] parsed file Data/SKSE/Plugins/OStim/facial expressions\NVPenDiag2.json
[2023-01-01 01:14:21.018] [Global] [info] [19892] [JsonFileLoader.h:17] parsing file Data/SKSE/Plugins/OStim/facial expressions\NVPenDiag3.json
[2023-01-01 01:14:21.019] [Global] [info] [19892] [JsonFileLoader.h:26] parsed file Data/SKSE/Plugins/OStim/facial expressions\NVPenDiag3.json
[2023-01-01 01:14:21.019] [Global] [info] [19892] [JsonFileLoader.h:17] parsing file Data/SKSE/Plugins/OStim/facial expressions\NVPenNoDiag.json
[2023-01-01 01:14:21.019] [Global] [info] [19892] [JsonFileLoader.h:26] parsed file Data/SKSE/Plugins/OStim/facial expressions\NVPenNoDiag.json
[2023-01-01 01:14:21.019] [Global] [info] [19892] [JsonFileLoader.h:17] parsing file Data/SKSE/Plugins/OStim/facial expressions\NVPenNoDiag1.json
[2023-01-01 01:14:21.019] [Global] [info] [19892] [JsonFileLoader.h:26] parsed file Data/SKSE/Plugins/OStim/facial expressions\NVPenNoDiag1.json
[2023-01-01 01:14:21.019] [Global] [info] [19892] [JsonFileLoader.h:17] parsing file Data/SKSE/Plugins/OStim/facial expressions\NVPenNoDiag2.json
[2023-01-01 01:14:21.019] [Global] [info] [19892] [JsonFileLoader.h:26] parsed file Data/SKSE/Plugins/OStim/facial expressions\NVPenNoDiag2.json
[2023-01-01 01:14:21.019] [Global] [info] [19892] [JsonFileLoader.h:17] parsing file Data/SKSE/Plugins/OStim/facial expressions\NVPenNoDiag3.json
[2023-01-01 01:14:21.020] [Global] [info] [19892] [JsonFileLoader.h:26] parsed file Data/SKSE/Plugins/OStim/facial expressions\NVPenNoDiag3.json
[2023-01-01 01:14:21.020] [Global] [info] [19892] [JsonFileLoader.h:17] parsing file Data/SKSE/Plugins/OStim/facial expressions\NVPostODiag.json
[2023-01-01 01:14:21.020] [Global] [info] [19892] [JsonFileLoader.h:26] parsed file Data/SKSE/Plugins/OStim/facial expressions\NVPostODiag.json
[2023-01-01 01:14:21.020] [Global] [info] [19892] [JsonFileLoader.h:17] parsing file Data/SKSE/Plugins/OStim/facial expressions\NVSpankDiag.json
[2023-01-01 01:14:21.020] [Global] [info] [19892] [JsonFileLoader.h:26] parsed file Data/SKSE/Plugins/OStim/facial expressions\NVSpankDiag.json
[2023-01-01 01:14:21.020] [Global] [info] [19892] [JsonFileLoader.h:17] parsing file Data/SKSE/Plugins/OStim/facial expressions\NVSpankDiag1.json
[2023-01-01 01:14:21.021] [Global] [info] [19892] [JsonFileLoader.h:26] parsed file Data/SKSE/Plugins/OStim/facial expressions\NVSpankDiag1.json
[2023-01-01 01:14:21.021] [Global] [info] [19892] [JsonFileLoader.h:17] parsing file Data/SKSE/Plugins/OStim/facial expressions\NVSpankDiag2.json
[2023-01-01 01:14:21.021] [Global] [info] [19892] [JsonFileLoader.h:26] parsed file Data/SKSE/Plugins/OStim/facial expressions\NVSpankDiag2.json
[2023-01-01 01:14:21.021] [Global] [info] [19892] [JsonFileLoader.h:17] parsing file Data/SKSE/Plugins/OStim/facial expressions\NVSpankDiag3.json
[2023-01-01 01:14:21.022] [Global] [info] [19892] [JsonFileLoader.h:26] parsed file Data/SKSE/Plugins/OStim/facial expressions\NVSpankDiag3.json
[2023-01-01 01:14:21.022] [Global] [info] [19892] [JsonFileLoader.h:17] parsing file Data/SKSE/Plugins/OStim/facial expressions\NVSpankDiag4.json
[2023-01-01 01:14:21.022] [Global] [info] [19892] [JsonFileLoader.h:26] parsed file Data/SKSE/Plugins/OStim/facial expressions\NVSpankDiag4.json
[2023-01-01 01:14:21.022] [Global] [info] [19892] [JsonFileLoader.h:17] parsing file Data/SKSE/Plugins/OStim/facial expressions\NVSpankNoDiag.json
[2023-01-01 01:14:21.022] [Global] [info] [19892] [JsonFileLoader.h:26] parsed file Data/SKSE/Plugins/OStim/facial expressions\NVSpankNoDiag.json
[2023-01-01 01:14:21.022] [Global] [info] [19892] [JsonFileLoader.h:17] parsing file Data/SKSE/Plugins/OStim/facial expressions\NVSpankNoDiag1.json
[2023-01-01 01:14:21.023] [Global] [info] [19892] [JsonFileLoader.h:26] parsed file Data/SKSE/Plugins/OStim/facial expressions\NVSpankNoDiag1.json
[2023-01-01 01:14:21.023] [Global] [info] [19892] [JsonFileLoader.h:17] parsing file Data/SKSE/Plugins/OStim/facial expressions\NVSpankNoDiag2.json
[2023-01-01 01:14:21.023] [Global] [info] [19892] [JsonFileLoader.h:26] parsed file Data/SKSE/Plugins/OStim/facial expressions\NVSpankNoDiag2.json
[2023-01-01 01:14:21.023] [Global] [info] [19892] [JsonFileLoader.h:17] parsing file Data/SKSE/Plugins/OStim/facial expressions\NVStimDiag.json
[2023-01-01 01:14:21.023] [Global] [info] [19892] [JsonFileLoader.h:26] parsed file Data/SKSE/Plugins/OStim/facial expressions\NVStimDiag.json
[2023-01-01 01:14:21.023] [Global] [info] [19892] [JsonFileLoader.h:17] parsing file Data/SKSE/Plugins/OStim/facial expressions\NVStimDiag1.json
[2023-01-01 01:14:21.023] [Global] [info] [19892] [JsonFileLoader.h:26] parsed file Data/SKSE/Plugins/OStim/facial expressions\NVStimDiag1.json
[2023-01-01 01:14:21.024] [Global] [info] [19892] [JsonFileLoader.h:17] parsing file Data/SKSE/Plugins/OStim/facial expressions\NVStimNoDiag.json
[2023-01-01 01:14:21.024] [Global] [info] [19892] [JsonFileLoader.h:26] parsed file Data/SKSE/Plugins/OStim/facial expressions\NVStimNoDiag.json
[2023-01-01 01:14:21.024] [Global] [info] [19892] [JsonFileLoader.h:17] parsing file Data/SKSE/Plugins/OStim/facial expressions\NVStimNoDiag1.json
[2023-01-01 01:14:21.024] [Global] [info] [19892] [JsonFileLoader.h:26] parsed file Data/SKSE/Plugins/OStim/facial expressions\NVStimNoDiag1.json
[2023-01-01 01:14:21.024] [Global] [info] [19892] [JsonFileLoader.h:17] parsing file Data/SKSE/Plugins/OStim/facial expressions\NVStimNoDiag2.json
[2023-01-01 01:14:21.024] [Global] [info] [19892] [JsonFileLoader.h:26] parsed file Data/SKSE/Plugins/OStim/facial expressions\NVStimNoDiag2.json
[2023-01-01 01:14:21.024] [Global] [info] [19892] [JsonFileLoader.h:17] parsing file Data/SKSE/Plugins/OStim/facial expressions\NVWorDiag.json
[2023-01-01 01:14:21.025] [Global] [info] [19892] [JsonFileLoader.h:26] parsed file Data/SKSE/Plugins/OStim/facial expressions\NVWorDiag.json
[2023-01-01 01:14:21.025] [Global] [info] [19892] [JsonFileLoader.h:17] parsing file Data/SKSE/Plugins/OStim/facial expressions\NVWorDiag1.json
[2023-01-01 01:14:21.025] [Global] [info] [19892] [JsonFileLoader.h:26] parsed file Data/SKSE/Plugins/OStim/facial expressions\NVWorDiag1.json
[2023-01-01 01:14:21.025] [Global] [info] [19892] [JsonFileLoader.h:17] parsing file Data/SKSE/Plugins/OStim/facial expressions\NVWorDiag2.json
[2023-01-01 01:14:21.025] [Global] [info] [19892] [JsonFileLoader.h:26] parsed file Data/SKSE/Plugins/OStim/facial expressions\NVWorDiag2.json
[2023-01-01 01:14:21.025] [Global] [info] [19892] [JsonFileLoader.h:17] parsing file Data/SKSE/Plugins/OStim/facial expressions\NVWorDiag3.json
[2023-01-01 01:14:21.026] [Global] [info] [19892] [JsonFileLoader.h:26] parsed file Data/SKSE/Plugins/OStim/facial expressions\NVWorDiag3.json
[2023-01-01 01:14:21.026] [Global] [info] [19892] [JsonFileLoader.h:17] parsing file Data/SKSE/Plugins/OStim/facial expressions\NVWorNoDiag.json
[2023-01-01 01:14:21.026] [Global] [info] [19892] [JsonFileLoader.h:26] parsed file Data/SKSE/Plugins/OStim/facial expressions\NVWorNoDiag.json
[2023-01-01 01:14:21.026] [Global] [info] [19892] [JsonFileLoader.h:17] parsing file Data/SKSE/Plugins/OStim/facial expressions\NVWorNoDiag1.json
[2023-01-01 01:14:21.026] [Global] [info] [19892] [JsonFileLoader.h:26] parsed file Data/SKSE/Plugins/OStim/facial expressions\NVWorNoDiag1.json
[2023-01-01 01:14:21.026] [Global] [info] [19892] [JsonFileLoader.h:17] parsing file Data/SKSE/Plugins/OStim/facial expressions\NVWorNoDiag2.json
[2023-01-01 01:14:21.027] [Global] [info] [19892] [JsonFileLoader.h:26] parsed file Data/SKSE/Plugins/OStim/facial expressions\NVWorNoDiag2.json
[2023-01-01 01:14:21.027] [Global] [info] [19892] [JsonFileLoader.h:17] parsing file Data/SKSE/Plugins/OStim/facial expressions\NVWorNoDiag3.json
[2023-01-01 01:14:21.027] [Global] [info] [19892] [JsonFileLoader.h:26] parsed file Data/SKSE/Plugins/OStim/facial expressions\NVWorNoDiag3.json
[2023-01-01 01:14:21.027] [Global] [info] [19892] [JsonFileLoader.h:17] parsing file Data/SKSE/Plugins/OStim/facial expressions\NVWow.json
[2023-01-01 01:14:21.028] [Global] [info] [19892] [JsonFileLoader.h:26] parsed file Data/SKSE/Plugins/OStim/facial expressions\NVWow.json
[2023-01-01 01:14:21.028] [Global] [info] [19892] [JsonFileLoader.h:17] parsing file Data/SKSE/Plugins/OStim/facial expressions\NVWow1.json
[2023-01-01 01:14:21.028] [Global] [info] [19892] [JsonFileLoader.h:26] parsed file Data/SKSE/Plugins/OStim/facial expressions\NVWow1.json
[2023-01-01 01:14:21.028] [Global] [info] [19892] [JsonFileLoader.h:17] parsing file Data/SKSE/Plugins/OStim/facial expressions\NVWowH.json
[2023-01-01 01:14:21.028] [Global] [info] [19892] [JsonFileLoader.h:26] parsed file Data/SKSE/Plugins/OStim/facial expressions\NVWowH.json
[2023-01-01 01:14:21.029] [Global] [info] [19892] [JsonFileLoader.h:17] parsing file Data/SKSE/Plugins/OStim/facial expressions\penetrated.json
[2023-01-01 01:14:21.029] [Global] [info] [19892] [JsonFileLoader.h:26] parsed file Data/SKSE/Plugins/OStim/facial expressions\penetrated.json
[2023-01-01 01:14:21.029] [Global] [info] [19892] [JsonFileLoader.h:17] parsing file Data/SKSE/Plugins/OStim/facial expressions\penetrated1.json
[2023-01-01 01:14:21.030] [Global] [info] [19892] [JsonFileLoader.h:26] parsed file Data/SKSE/Plugins/OStim/facial expressions\penetrated1.json
[2023-01-01 01:14:21.030] [Global] [info] [19892] [JsonFileLoader.h:17] parsing file Data/SKSE/Plugins/OStim/facial expressions\penetrated2.json
[2023-01-01 01:14:21.030] [Global] [info] [19892] [JsonFileLoader.h:26] parsed file Data/SKSE/Plugins/OStim/facial expressions\penetrated2.json
[2023-01-01 01:14:21.030] [Global] [info] [19892] [JsonFileLoader.h:17] parsing file Data/SKSE/Plugins/OStim/facial expressions\penetrated3.json
[2023-01-01 01:14:21.031] [Global] [info] [19892] [JsonFileLoader.h:26] parsed file Data/SKSE/Plugins/OStim/facial expressions\penetrated3.json
[2023-01-01 01:14:21.031] [Global] [info] [19892] [JsonFileLoader.h:17] parsing file Data/SKSE/Plugins/OStim/facial expressions\penetrated4.json
[2023-01-01 01:14:21.031] [Global] [info] [19892] [JsonFileLoader.h:26] parsed file Data/SKSE/Plugins/OStim/facial expressions\penetrated4.json
[2023-01-01 01:14:21.031] [Global] [info] [19892] [JsonFileLoader.h:17] parsing file Data/SKSE/Plugins/OStim/facial expressions\penetrated5.json
[2023-01-01 01:14:21.031] [Global] [info] [19892] [JsonFileLoader.h:26] parsed file Data/SKSE/Plugins/OStim/facial expressions\penetrated5.json
[2023-01-01 01:14:21.032] [Global] [info] [19892] [JsonFileLoader.h:17] parsing file Data/SKSE/Plugins/OStim/facial expressions\penetrated6.json
[2023-01-01 01:14:21.032] [Global] [info] [19892] [JsonFileLoader.h:26] parsed file Data/SKSE/Plugins/OStim/facial expressions\penetrated6.json
[2023-01-01 01:14:21.032] [Global] [info] [19892] [JsonFileLoader.h:17] parsing file Data/SKSE/Plugins/OStim/facial expressions\spank1.json
[2023-01-01 01:14:21.032] [Global] [info] [19892] [JsonFileLoader.h:26] parsed file Data/SKSE/Plugins/OStim/facial expressions\spank1.json
[2023-01-01 01:14:21.032] [Global] [info] [19892] [JsonFileLoader.h:17] parsing file Data/SKSE/Plugins/OStim/facial expressions\spank2.json
[2023-01-01 01:14:21.033] [Global] [info] [19892] [JsonFileLoader.h:26] parsed file Data/SKSE/Plugins/OStim/facial expressions\spank2.json
[2023-01-01 01:14:21.033] [Global] [info] [19892] [JsonFileLoader.h:17] parsing file Data/SKSE/Plugins/OStim/facial expressions\spank3.json
[2023-01-01 01:14:21.033] [Global] [info] [19892] [JsonFileLoader.h:26] parsed file Data/SKSE/Plugins/OStim/facial expressions\spank3.json
[2023-01-01 01:14:21.033] [Global] [info] [19892] [JsonFileLoader.h:17] parsing file Data/SKSE/Plugins/OStim/facial expressions\stimulated1.json
[2023-01-01 01:14:21.034] [Global] [info] [19892] [JsonFileLoader.h:26] parsed file Data/SKSE/Plugins/OStim/facial expressions\stimulated1.json
[2023-01-01 01:14:21.034] [Global] [info] [19892] [JsonFileLoader.h:17] parsing file Data/SKSE/Plugins/OStim/facial expressions\stimulated2.json
[2023-01-01 01:14:21.034] [Global] [info] [19892] [JsonFileLoader.h:26] parsed file Data/SKSE/Plugins/OStim/facial expressions\stimulated2.json
[2023-01-01 01:14:21.035] [Global] [info] [19892] [JsonFileLoader.h:17] parsing file Data/SKSE/Plugins/OStim/facial expressions\stimulated3.json
[2023-01-01 01:14:21.035] [Global] [info] [19892] [JsonFileLoader.h:26] parsed file Data/SKSE/Plugins/OStim/facial expressions\stimulated3.json
[2023-01-01 01:14:21.035] [Global] [info] [19892] [JsonFileLoader.h:17] parsing file Data/SKSE/Plugins/OStim/facial expressions\stimulated4.json
[2023-01-01 01:14:21.035] [Global] [info] [19892] [JsonFileLoader.h:26] parsed file Data/SKSE/Plugins/OStim/facial expressions\stimulated4.json
[2023-01-01 01:14:21.035] [Global] [info] [19892] [JsonFileLoader.h:17] parsing file Data/SKSE/Plugins/OStim/facial expressions\stimulated5.json
[2023-01-01 01:14:21.036] [Global] [info] [19892] [JsonFileLoader.h:26] parsed file Data/SKSE/Plugins/OStim/facial expressions\stimulated5.json
[2023-01-01 01:14:21.036] [Global] [info] [19892] [JsonFileLoader.h:17] parsing file Data/SKSE/Plugins/OStim/facial expressions\stimulated6.json
[2023-01-01 01:14:21.036] [Global] [info] [19892] [JsonFileLoader.h:26] parsed file Data/SKSE/Plugins/OStim/facial expressions\stimulated6.json
[2023-01-01 01:14:21.036] [Global] [info] [19892] [Main.cpp:118] OSA has finished loading.
[2023-01-01 01:14:21.622] [Global] [info] [19892] [Main.cpp:81] NiTransform version 3
